<?xml version="1.0" encoding="UTF-8"?>
<!-- Generated by org.testng.reporters.JUnitXMLReporter -->
<testsuite ignored="0" hostname="LAPTOP-4TCE2O8E" failures="1" tests="6" name="Test" time="76.586" errors="0" timestamp="2022-12-13T01:04:28 CET">
  <testcase classname="clothingStore.tests.HomePageTest" name="checkIfCategoryImagesAreClickable" time="13.586"/>
  <testcase classname="clothingStore.tests.HomePageTest" name="checkIfProductImageIsClickable" time="4.465"/>
  <testcase classname="clothingStore.tests.HomePageTest" name="checkPromotionalText" time="2.921"/>
  <testcase classname="clothingStore.tests.HomePageTest" name="validateTheNumberOfDisplayedFeaturedProducts" time="4.668"/>
  <testcase classname="clothingStore.tests.HomePageTest" name="verifyLinkTextText" time="0.249">
    <failure type="java.lang.AssertionError" message="expected [View it] but found [View the Collection]">
      <![CDATA[java.lang.AssertionError: expected [View it] but found [View the Collection]
at clothingStore.tests.HomePageTest.verifyLinkTextText(HomePageTest.java:53)
at java.base/java.util.ArrayList.forEach(ArrayList.java:1511)
... Removed 31 stack frames]]>
    </failure>
  </testcase> <!-- verifyLinkTextText -->
  <testcase classname="clothingStore.tests.HomePageTest" name="verifyPromoLinkTextIsClickable" time="4.244"/>
</testsuite> <!-- Test -->
